# JRE version: OpenJDK Runtime Environment Temurin-21.0.8+9 (21.0.8+9) (build 21.0.8+9-LTS)
# Java VM: OpenJDK 64-Bit Server VM Temurin-21.0.8+9 (21.0.8+9-LTS, mixed mode, sharing, tiered, compressed oops, compressed class ptrs, parallel gc, windows-amd64)
GC Precious Log:
 CardTable entry size: 512
 CPUs: 8 total, 8 available
 Memory: 12083M
 Large Page Support: Disabled
 NUMA Support: Disabled
 Compressed Oops: Enabled (32-bit)
 Alignments: Space 512K, Generation 512K, Heap 2M
 Heap Min Capacity: 100M
 Heap Initial Capacity: 100M
 Heap Max Capacity: 2G
 Pre-touch: Disabled
 Parallel Workers: 8
Heap:
 PSYoungGen      total 18432K, used 8000K [0x00000000d5580000, 0x00000000d6e80000, 0x0000000100000000)
  eden space 17920K, 41% used [0x00000000d5580000,0x00000000d5cd0018,0x00000000d6700000)
  from space 512K, 100% used [0x00000000d6700000,0x00000000d6780000,0x00000000d6780000)
  to   space 2560K, 0% used [0x00000000d6c00000,0x00000000d6c00000,0x00000000d6e80000)
 ParOldGen       total 68608K, used 33053K [0x0000000080000000, 0x0000000084300000, 0x00000000d5580000)
  object space 68608K, 48% used [0x0000000080000000,0x0000000082047600,0x0000000084300000)
 Metaspace       used 51896K, committed 53184K, reserved 1114112K
  class space    used 5697K, committed 6272K, reserved 1048576K
GC Heap History (20 events):
Event: 92.566 GC heap before
{Heap before GC invocations=14 (full 1):
 PSYoungGen      total 24064K, used 4957K [0x00000000d5580000, 0x00000000d7300000, 0x0000000100000000)
  eden space 22528K, 16% used [0x00000000d5580000,0x00000000d5922468,0x00000000d6b80000)
  from space 1536K, 80% used [0x00000000d7180000,0x00000000d72b50a8,0x00000000d7300000)
  to   space 1536K, 0% used [0x00000000d7000000,0x00000000d7000000,0x00000000d7180000)
 ParOldGen       total 68608K, used 17989K [0x0000000080000000, 0x0000000084300000, 0x00000000d5580000)
  object space 68608K, 26% used [0x0000000080000000,0x0000000081191428,0x0000000084300000)
 Metaspace       used 34657K, committed 35840K, reserved 1114112K
  class space    used 3567K, committed 4096K, reserved 1048576K
}
Event: 92.567 GC heap after
{Heap after GC invocations=14 (full 1):
 PSYoungGen      total 23040K, used 224K [0x00000000d5580000, 0x00000000d7200000, 0x0000000100000000)
  eden space 22528K, 0% used [0x00000000d5580000,0x00000000d5580000,0x00000000d6b80000)
  from space 512K, 43% used [0x00000000d7000000,0x00000000d7038000,0x00000000d7080000)
  to   space 1024K, 0% used [0x00000000d7100000,0x00000000d7100000,0x00000000d7200000)
 ParOldGen       total 68608K, used 19072K [0x0000000080000000, 0x0000000084300000, 0x00000000d5580000)
  object space 68608K, 27% used [0x0000000080000000,0x00000000812a0338,0x0000000084300000)
 Metaspace       used 34657K, committed 35840K, reserved 1114112K
  class space    used 3567K, committed 4096K, reserved 1048576K
}
Event: 92.567 GC heap before
{Heap before GC invocations=15 (full 2):
 PSYoungGen      total 23040K, used 224K [0x00000000d5580000, 0x00000000d7200000, 0x0000000100000000)
  eden space 22528K, 0% used [0x00000000d5580000,0x00000000d5580000,0x00000000d6b80000)
  from space 512K, 43% used [0x00000000d7000000,0x00000000d7038000,0x00000000d7080000)
  to   space 1024K, 0% used [0x00000000d7100000,0x00000000d7100000,0x00000000d7200000)
 ParOldGen       total 68608K, used 19072K [0x0000000080000000, 0x0000000084300000, 0x00000000d5580000)
  object space 68608K, 27% used [0x0000000080000000,0x00000000812a0338,0x0000000084300000)
 Metaspace       used 34657K, committed 35840K, reserved 1114112K
  class space    used 3567K, committed 4096K, reserved 1048576K
}
Event: 92.649 GC heap after
{Heap after GC invocations=15 (full 2):
 PSYoungGen      total 23040K, used 0K [0x00000000d5580000, 0x00000000d7200000, 0x0000000100000000)
  eden space 22528K, 0% used [0x00000000d5580000,0x00000000d5580000,0x00000000d6b80000)
  from space 512K, 0% used [0x00000000d7000000,0x00000000d7000000,0x00000000d7080000)
  to   space 1024K, 0% used [0x00000000d7100000,0x00000000d7100000,0x00000000d7200000)
 ParOldGen       total 68608K, used 18548K [0x0000000080000000, 0x0000000084300000, 0x00000000d5580000)
  object space 68608K, 27% used [0x0000000080000000,0x000000008121d268,0x0000000084300000)
 Metaspace       used 34657K, committed 35840K, reserved 1114112K
  class space    used 3567K, committed 4096K, reserved 1048576K
}
Event: 93.378 GC heap before
{Heap before GC invocations=16 (full 2):
 PSYoungGen      total 23040K, used 22528K [0x00000000d5580000, 0x00000000d7200000, 0x0000000100000000)
  eden space 22528K, 100% used [0x00000000d5580000,0x00000000d6b80000,0x00000000d6b80000)
  from space 512K, 0% used [0x00000000d7000000,0x00000000d7000000,0x00000000d7080000)
  to   space 1024K, 0% used [0x00000000d7100000,0x00000000d7100000,0x00000000d7200000)
 ParOldGen       total 68608K, used 18551K [0x0000000080000000, 0x0000000084300000, 0x00000000d5580000)
  object space 68608K, 27% used [0x0000000080000000,0x000000008121dcf0,0x0000000084300000)
 Metaspace       used 37413K, committed 38656K, reserved 1114112K
  class space    used 3917K, committed 4480K, reserved 1048576K
}
Event: 93.382 GC heap after
{Heap after GC invocations=16 (full 2):
 PSYoungGen      total 23040K, used 1019K [0x00000000d5580000, 0x00000000d7200000, 0x0000000100000000)
  eden space 22016K, 0% used [0x00000000d5580000,0x00000000d5580000,0x00000000d6b00000)
  from space 1024K, 99% used [0x00000000d7100000,0x00000000d71fef40,0x00000000d7200000)
  to   space 2048K, 0% used [0x00000000d6e00000,0x00000000d6e00000,0x00000000d7000000)
 ParOldGen       total 68608K, used 19186K [0x0000000080000000, 0x0000000084300000, 0x00000000d5580000)
  object space 68608K, 27% used [0x0000000080000000,0x00000000812bc920,0x0000000084300000)
 Metaspace       used 37413K, committed 38656K, reserved 1114112K
  class space    used 3917K, committed 4480K, reserved 1048576K
}
Event: 94.324 GC heap before
{Heap before GC invocations=17 (full 2):
 PSYoungGen      total 23040K, used 23035K [0x00000000d5580000, 0x00000000d7200000, 0x0000000100000000)
  eden space 22016K, 100% used [0x00000000d5580000,0x00000000d6b00000,0x00000000d6b00000)
  from space 1024K, 99% used [0x00000000d7100000,0x00000000d71fef40,0x00000000d7200000)
  to   space 2048K, 0% used [0x00000000d6e00000,0x00000000d6e00000,0x00000000d7000000)
 ParOldGen       total 68608K, used 19186K [0x0000000080000000, 0x0000000084300000, 0x00000000d5580000)
  object space 68608K, 27% used [0x0000000080000000,0x00000000812bc920,0x0000000084300000)
 Metaspace       used 38836K, committed 40128K, reserved 1114112K
  class space    used 4089K, committed 4672K, reserved 1048576K
}
Event: 94.326 GC heap after
{Heap after GC invocations=17 (full 2):
 PSYoungGen      total 24064K, used 2032K [0x00000000d5580000, 0x00000000d7600000, 0x0000000100000000)
  eden space 22016K, 0% used [0x00000000d5580000,0x00000000d5580000,0x00000000d6b00000)
  from space 2048K, 99% used [0x00000000d6e00000,0x00000000d6ffc170,0x00000000d7000000)
  to   space 5632K, 0% used [0x00000000d7080000,0x00000000d7080000,0x00000000d7600000)
 ParOldGen       total 68608K, used 21782K [0x0000000080000000, 0x0000000084300000, 0x00000000d5580000)
  object space 68608K, 31% used [0x0000000080000000,0x0000000081545a30,0x0000000084300000)
 Metaspace       used 38836K, committed 40128K, reserved 1114112K
  class space    used 4089K, committed 4672K, reserved 1048576K
}
Event: 96.337 GC heap before
{Heap before GC invocations=18 (full 2):
 PSYoungGen      total 24064K, used 24043K [0x00000000d5580000, 0x00000000d7600000, 0x0000000100000000)
  eden space 22016K, 99% used [0x00000000d5580000,0x00000000d6afec90,0x00000000d6b00000)
  from space 2048K, 99% used [0x00000000d6e00000,0x00000000d6ffc170,0x00000000d7000000)
  to   space 5632K, 0% used [0x00000000d7080000,0x00000000d7080000,0x00000000d7600000)
 ParOldGen       total 68608K, used 21782K [0x0000000080000000, 0x0000000084300000, 0x00000000d5580000)
  object space 68608K, 31% used [0x0000000080000000,0x0000000081545a30,0x0000000084300000)
 Metaspace       used 41585K, committed 42880K, reserved 1114112K
  class space    used 4420K, committed 4992K, reserved 1048576K
}
Event: 96.339 GC heap after
{Heap after GC invocations=18 (full 2):
 PSYoungGen      total 23552K, used 1065K [0x00000000d5580000, 0x00000000d7200000, 0x0000000100000000)
  eden space 22016K, 0% used [0x00000000d5580000,0x00000000d5580000,0x00000000d6b00000)
  from space 1536K, 69% used [0x00000000d7080000,0x00000000d718a4a0,0x00000000d7200000)
  to   space 2560K, 0% used [0x00000000d6d00000,0x00000000d6d00000,0x00000000d6f80000)
 ParOldGen       total 68608K, used 23306K [0x0000000080000000, 0x0000000084300000, 0x00000000d5580000)
  object space 68608K, 33% used [0x0000000080000000,0x00000000816c2898,0x0000000084300000)
 Metaspace       used 41585K, committed 42880K, reserved 1114112K
  class space    used 4420K, committed 4992K, reserved 1048576K
}
Event: 97.534 GC heap before
{Heap before GC invocations=19 (full 2):
 PSYoungGen      total 23552K, used 23081K [0x00000000d5580000, 0x00000000d7200000, 0x0000000100000000)
  eden space 22016K, 100% used [0x00000000d5580000,0x00000000d6b00000,0x00000000d6b00000)
  from space 1536K, 69% used [0x00000000d7080000,0x00000000d718a4a0,0x00000000d7200000)
  to   space 2560K, 0% used [0x00000000d6d00000,0x00000000d6d00000,0x00000000d6f80000)
 ParOldGen       total 68608K, used 23306K [0x0000000080000000, 0x0000000084300000, 0x00000000d5580000)
  object space 68608K, 33% used [0x0000000080000000,0x00000000816c2898,0x0000000084300000)
 Metaspace       used 44123K, committed 45376K, reserved 1114112K
  class space    used 4756K, committed 5312K, reserved 1048576K
}
Event: 97.537 GC heap after
{Heap after GC invocations=19 (full 2):
 PSYoungGen      total 24576K, used 2559K [0x00000000d5580000, 0x00000000d7100000, 0x0000000100000000)
  eden space 22016K, 0% used [0x00000000d5580000,0x00000000d5580000,0x00000000d6b00000)
  from space 2560K, 99% used [0x00000000d6d00000,0x00000000d6f7fd98,0x00000000d6f80000)
  to   space 1536K, 0% used [0x00000000d6f80000,0x00000000d6f80000,0x00000000d7100000)
 ParOldGen       total 68608K, used 24477K [0x0000000080000000, 0x0000000084300000, 0x00000000d5580000)
  object space 68608K, 35% used [0x0000000080000000,0x00000000817e7448,0x0000000084300000)
 Metaspace       used 44123K, committed 45376K, reserved 1114112K
  class space    used 4756K, committed 5312K, reserved 1048576K
}
Event: 99.503 GC heap before
{Heap before GC invocations=20 (full 2):
 PSYoungGen      total 24576K, used 24575K [0x00000000d5580000, 0x00000000d7100000, 0x0000000100000000)
  eden space 22016K, 100% used [0x00000000d5580000,0x00000000d6b00000,0x00000000d6b00000)
  from space 2560K, 99% used [0x00000000d6d00000,0x00000000d6f7fd98,0x00000000d6f80000)
  to   space 1536K, 0% used [0x00000000d6f80000,0x00000000d6f80000,0x00000000d7100000)
 ParOldGen       total 68608K, used 24477K [0x0000000080000000, 0x0000000084300000, 0x00000000d5580000)
  object space 68608K, 35% used [0x0000000080000000,0x00000000817e7448,0x0000000084300000)
 Metaspace       used 46566K, committed 47808K, reserved 1114112K
  class space    used 5079K, committed 5632K, reserved 1048576K
}
Event: 99.506 GC heap after
{Heap after GC invocations=20 (full 2):
 PSYoungGen      total 23552K, used 1520K [0x00000000d5580000, 0x00000000d7100000, 0x0000000100000000)
  eden space 22016K, 0% used [0x00000000d5580000,0x00000000d5580000,0x00000000d6b00000)
  from space 1536K, 98% used [0x00000000d6f80000,0x00000000d70fc028,0x00000000d7100000)
  to   space 3072K, 0% used [0x00000000d6b00000,0x00000000d6b00000,0x00000000d6e00000)
 ParOldGen       total 68608K, used 25671K [0x0000000080000000, 0x0000000084300000, 0x00000000d5580000)
  object space 68608K, 37% used [0x0000000080000000,0x0000000081911fb0,0x0000000084300000)
 Metaspace       used 46566K, committed 47808K, reserved 1114112K
  class space    used 5079K, committed 5632K, reserved 1048576K
}
Event: 100.733 GC heap before
{Heap before GC invocations=21 (full 2):
 PSYoungGen      total 23552K, used 23536K [0x00000000d5580000, 0x00000000d7100000, 0x0000000100000000)
  eden space 22016K, 100% used [0x00000000d5580000,0x00000000d6b00000,0x00000000d6b00000)
  from space 1536K, 98% used [0x00000000d6f80000,0x00000000d70fc028,0x00000000d7100000)
  to   space 3072K, 0% used [0x00000000d6b00000,0x00000000d6b00000,0x00000000d6e00000)
 ParOldGen       total 68608K, used 25671K [0x0000000080000000, 0x0000000084300000, 0x00000000d5580000)
  object space 68608K, 37% used [0x0000000080000000,0x0000000081911fb0,0x0000000084300000)
 Metaspace       used 49350K, committed 50624K, reserved 1114112K
  class space    used 5443K, committed 6016K, reserved 1048576K
}
Event: 100.737 GC heap after
{Heap after GC invocations=21 (full 2):
 PSYoungGen      total 25088K, used 1472K [0x00000000d5580000, 0x00000000d7000000, 0x0000000100000000)
  eden space 22016K, 0% used [0x00000000d5580000,0x00000000d5580000,0x00000000d6b00000)
  from space 3072K, 47% used [0x00000000d6b00000,0x00000000d6c70000,0x00000000d6e00000)
  to   space 2048K, 0% used [0x00000000d6e00000,0x00000000d6e00000,0x00000000d7000000)
 ParOldGen       total 68608K, used 27135K [0x0000000080000000, 0x0000000084300000, 0x00000000d5580000)
  object space 68608K, 39% used [0x0000000080000000,0x0000000081a7fd08,0x0000000084300000)
 Metaspace       used 49350K, committed 50624K, reserved 1114112K
  class space    used 5443K, committed 6016K, reserved 1048576K
}
Event: 109.714 GC heap before
{Heap before GC invocations=22 (full 2):
 PSYoungGen      total 25088K, used 23485K [0x00000000d5580000, 0x00000000d7000000, 0x0000000100000000)
  eden space 22016K, 99% used [0x00000000d5580000,0x00000000d6aff7a8,0x00000000d6b00000)
  from space 3072K, 47% used [0x00000000d6b00000,0x00000000d6c70000,0x00000000d6e00000)
  to   space 2048K, 0% used [0x00000000d6e00000,0x00000000d6e00000,0x00000000d7000000)
 ParOldGen       total 68608K, used 27135K [0x0000000080000000, 0x0000000084300000, 0x00000000d5580000)
  object space 68608K, 39% used [0x0000000080000000,0x0000000081a7fd08,0x0000000084300000)
 Metaspace       used 50905K, committed 52224K, reserved 1114112K
  class space    used 5603K, committed 6208K, reserved 1048576K
}
Event: 109.720 GC heap after
{Heap after GC invocations=22 (full 2):
 PSYoungGen      total 19968K, used 2048K [0x00000000d5580000, 0x00000000d7900000, 0x0000000100000000)
  eden space 17920K, 0% used [0x00000000d5580000,0x00000000d5580000,0x00000000d6700000)
  from space 2048K, 100% used [0x00000000d6e00000,0x00000000d7000000,0x00000000d7000000)
  to   space 7168K, 0% used [0x00000000d6700000,0x00000000d6700000,0x00000000d6e00000)
 ParOldGen       total 68608K, used 31018K [0x0000000080000000, 0x0000000084300000, 0x00000000d5580000)
  object space 68608K, 45% used [0x0000000080000000,0x0000000081e4a988,0x0000000084300000)
 Metaspace       used 50905K, committed 52224K, reserved 1114112K
  class space    used 5603K, committed 6208K, reserved 1048576K
}
Event: 129.635 GC heap before
{Heap before GC invocations=23 (full 2):
 PSYoungGen      total 19968K, used 19967K [0x00000000d5580000, 0x00000000d7900000, 0x0000000100000000)
  eden space 17920K, 99% used [0x00000000d5580000,0x00000000d66fffe8,0x00000000d6700000)
  from space 2048K, 100% used [0x00000000d6e00000,0x00000000d7000000,0x00000000d7000000)
  to   space 7168K, 0% used [0x00000000d6700000,0x00000000d6700000,0x00000000d6e00000)
 ParOldGen       total 68608K, used 31018K [0x0000000080000000, 0x0000000084300000, 0x00000000d5580000)
  object space 68608K, 45% used [0x0000000080000000,0x0000000081e4a988,0x0000000084300000)
 Metaspace       used 51895K, committed 53184K, reserved 1114112K
  class space    used 5697K, committed 6272K, reserved 1048576K
}
Event: 129.640 GC heap after
{Heap after GC invocations=23 (full 2):
 PSYoungGen      total 18432K, used 512K [0x00000000d5580000, 0x00000000d6e80000, 0x0000000100000000)
  eden space 17920K, 0% used [0x00000000d5580000,0x00000000d5580000,0x00000000d6700000)
  from space 512K, 100% used [0x00000000d6700000,0x00000000d6780000,0x00000000d6780000)
  to   space 2560K, 0% used [0x00000000d6c00000,0x00000000d6c00000,0x00000000d6e80000)
 ParOldGen       total 68608K, used 33053K [0x0000000080000000, 0x0000000084300000, 0x00000000d5580000)
  object space 68608K, 48% used [0x0000000080000000,0x0000000082047600,0x0000000084300000)
 Metaspace       used 51895K, committed 53184K, reserved 1114112K
  class space    used 5697K, committed 6272K, reserved 1048576K
}

